 
****************************************
Report : area
Design : CONV
Version: T-2022.03
Date   : Wed Mar  6 14:51:08 2024
****************************************

Library(s) Used:

    slow (File: /usr/cad/Design_Kit/CBDK_IC_Contest_v2.5/SynopsysDC/db/slow.db)

Number of ports:                          814
Number of nets:                          5616
Number of cells:                         4538
Number of combinational cells:           4358
Number of sequential cells:               165
Number of macros/black boxes:               0
Number of buf/inv:                        933
Number of references:                     125

Combinational area:              72854.105328
Buf/Inv area:                     7236.016176
Noncombinational area:            5575.958870
Macro/Black Box area:                0.000000
Net Interconnect area:          485989.096771

Total cell area:                 78430.064198
Total area:                     564419.160969
1
