 
****************************************
Report : area
Design : LBP
Version: T-2022.03
Date   : Tue Nov 21 21:57:55 2023
****************************************

Library(s) Used:

    slow (File: /usr/cad/Design_Kit/CBDK_IC_Contest_v2.5/SynopsysDC/db/slow.db)

Number of ports:                           50
Number of nets:                           500
Number of cells:                          447
Number of combinational cells:            365
Number of sequential cells:                82
Number of macros/black boxes:               0
Number of buf/inv:                         87
Number of references:                      73

Combinational area:               3308.232592
Buf/Inv area:                      734.974189
Noncombinational area:            2664.917923
Macro/Black Box area:                0.000000
Net Interconnect area:           56373.619110

Total cell area:                  5973.150515
Total area:                      62346.769625
1
